[2025-07-15 03:57:42] ERROR: Admin login error: SQLSTATE[42S02]: Base table or view not found: 1146 Table 'staypakistan.admins' doesn't exist
[2025-07-15 03:58:13] ERROR: Admin login error: SQLSTATE[42S02]: Base table or view not found: 1146 Table 'staypakistan.admins' doesn't exist
[2025-07-15 04:00:30] ERROR: Admin login error: SQLSTATE[42S02]: Base table or view not found: 1146 Table 'staypakistan.admins' doesn't exist
[2025-07-15 04:01:03] ERROR: Vendor login error: SQLSTATE[42S02]: Base table or view not found: 1146 Table 'staypakistan.vendors' doesn't exist
[2025-07-15 04:04:36] ERROR: Vendor dashboard error: SQLSTATE[42S02]: Base table or view not found: 1146 Table 'staypakistan.vendors' doesn't exist
[2025-07-15 04:05:03] ERROR: Recent bookings error: SQLSTATE[42000]: Syntax error or access violation: 1064 You have an error in your SQL syntax; check the manual that corresponds to your MariaDB server version for the right syntax to use near ''5'' at line 3
[2025-07-15 04:05:16] ERROR: Get all bookings error: SQLSTATE[42000]: Syntax error or access violation: 1064 You have an error in your SQL syntax; check the manual that corresponds to your MariaDB server version for the right syntax to use near ''20' OFFSET '0'' at line 4
[2025-07-15 04:06:58] ERROR: Recent bookings error: SQLSTATE[42000]: Syntax error or access violation: 1064 You have an error in your SQL syntax; check the manual that corresponds to your MariaDB server version for the right syntax to use near ''5'' at line 3
[2025-07-15 04:07:02] ERROR: Get all bookings error: SQLSTATE[42000]: Syntax error or access violation: 1064 You have an error in your SQL syntax; check the manual that corresponds to your MariaDB server version for the right syntax to use near ''20' OFFSET '0'' at line 4
[2025-07-15 04:11:40] ERROR: Recent bookings error: SQLSTATE[42000]: Syntax error or access violation: 1064 You have an error in your SQL syntax; check the manual that corresponds to your MariaDB server version for the right syntax to use near ''5'' at line 3
[2025-07-15 04:12:00] ERROR: Recent bookings error: SQLSTATE[42000]: Syntax error or access violation: 1064 You have an error in your SQL syntax; check the manual that corresponds to your MariaDB server version for the right syntax to use near ''5'' at line 3
[2025-07-15 04:17:30] ERROR: Vendor dashboard error: SQLSTATE[42S02]: Base table or view not found: 1146 Table 'staypakistan.vendors' doesn't exist
[2025-07-17 00:24:22] ERROR: Recent bookings error: SQLSTATE[42000]: Syntax error or access violation: 1064 You have an error in your SQL syntax; check the manual that corresponds to your MariaDB server version for the right syntax to use near ''5'' at line 3
[2025-07-17 00:25:27] ERROR: Recent bookings error: SQLSTATE[42000]: Syntax error or access violation: 1064 You have an error in your SQL syntax; check the manual that corresponds to your MariaDB server version for the right syntax to use near ''10'' at line 3
[2025-07-17 00:25:30] ERROR: Get all bookings error: SQLSTATE[42000]: Syntax error or access violation: 1064 You have an error in your SQL syntax; check the manual that corresponds to your MariaDB server version for the right syntax to use near ''100' OFFSET '0'' at line 4
[2025-07-17 00:25:34] ERROR: Get all users error: SQLSTATE[42000]: Syntax error or access violation: 1064 You have an error in your SQL syntax; check the manual that corresponds to your MariaDB server version for the right syntax to use near ''100' OFFSET '0'' at line 5
[2025-07-17 00:25:35] ERROR: Get all properties error: SQLSTATE[42000]: Syntax error or access violation: 1064 You have an error in your SQL syntax; check the manual that corresponds to your MariaDB server version for the right syntax to use near ''100' OFFSET '0'' at line 3
[2025-07-17 00:39:08] ERROR: Recent bookings error: SQLSTATE[42000]: Syntax error or access violation: 1064 You have an error in your SQL syntax; check the manual that corresponds to your MariaDB server version for the right syntax to use near ''10'' at line 3
[2025-07-17 00:39:12] ERROR: Get all bookings error: SQLSTATE[42000]: Syntax error or access violation: 1064 You have an error in your SQL syntax; check the manual that corresponds to your MariaDB server version for the right syntax to use near ''100' OFFSET '0'' at line 4
[2025-07-17 00:39:16] ERROR: Get all users error: SQLSTATE[42000]: Syntax error or access violation: 1064 You have an error in your SQL syntax; check the manual that corresponds to your MariaDB server version for the right syntax to use near ''100' OFFSET '0'' at line 7
[2025-07-17 00:39:18] ERROR: Get all properties error: SQLSTATE[42000]: Syntax error or access violation: 1064 You have an error in your SQL syntax; check the manual that corresponds to your MariaDB server version for the right syntax to use near ''100' OFFSET '0'' at line 3
[2025-07-17 00:39:25] ERROR: Recent bookings error: SQLSTATE[42000]: Syntax error or access violation: 1064 You have an error in your SQL syntax; check the manual that corresponds to your MariaDB server version for the right syntax to use near ''10'' at line 3
[2025-07-17 00:46:50] ERROR: Recent bookings error: SQLSTATE[42000]: Syntax error or access violation: 1064 You have an error in your SQL syntax; check the manual that corresponds to your MariaDB server version for the right syntax to use near ''10'' at line 7
[2025-07-17 00:46:53] ERROR: Get all users error: SQLSTATE[42000]: Syntax error or access violation: 1064 You have an error in your SQL syntax; check the manual that corresponds to your MariaDB server version for the right syntax to use near ''100' OFFSET '0'' at line 9
[2025-07-17 00:46:55] ERROR: Get all bookings error: SQLSTATE[42000]: Syntax error or access violation: 1064 You have an error in your SQL syntax; check the manual that corresponds to your MariaDB server version for the right syntax to use near ''100' OFFSET '0'' at line 8
[2025-07-17 00:46:58] ERROR: Get all properties error: SQLSTATE[42000]: Syntax error or access violation: 1064 You have an error in your SQL syntax; check the manual that corresponds to your MariaDB server version for the right syntax to use near ''100' OFFSET '0'' at line 8
[2025-07-17 00:46:59] ERROR: Get all users error: SQLSTATE[42000]: Syntax error or access violation: 1064 You have an error in your SQL syntax; check the manual that corresponds to your MariaDB server version for the right syntax to use near ''100' OFFSET '0'' at line 9
[2025-07-17 00:47:06] ERROR: Get all properties error: SQLSTATE[42000]: Syntax error or access violation: 1064 You have an error in your SQL syntax; check the manual that corresponds to your MariaDB server version for the right syntax to use near ''100' OFFSET '0'' at line 8
[2025-07-17 00:47:20] ERROR: Recent bookings error: SQLSTATE[42000]: Syntax error or access violation: 1064 You have an error in your SQL syntax; check the manual that corresponds to your MariaDB server version for the right syntax to use near ''10'' at line 7
[2025-07-17 00:47:22] ERROR: Get contact messages error: SQLSTATE[42000]: Syntax error or access violation: 1064 You have an error in your SQL syntax; check the manual that corresponds to your MariaDB server version for the right syntax to use near ''100' OFFSET '0'' at line 5
[2025-07-17 00:47:29] ERROR: Get all bookings error: SQLSTATE[42000]: Syntax error or access violation: 1064 You have an error in your SQL syntax; check the manual that corresponds to your MariaDB server version for the right syntax to use near ''100' OFFSET '0'' at line 8
[2025-07-17 00:47:32] ERROR: Get all properties error: SQLSTATE[42000]: Syntax error or access violation: 1064 You have an error in your SQL syntax; check the manual that corresponds to your MariaDB server version for the right syntax to use near ''100' OFFSET '0'' at line 8
[2025-07-17 00:47:50] ERROR: Recent bookings error: SQLSTATE[42000]: Syntax error or access violation: 1064 You have an error in your SQL syntax; check the manual that corresponds to your MariaDB server version for the right syntax to use near ''10'' at line 7
[2025-07-17 00:48:20] ERROR: Recent bookings error: SQLSTATE[42000]: Syntax error or access violation: 1064 You have an error in your SQL syntax; check the manual that corresponds to your MariaDB server version for the right syntax to use near ''10'' at line 7
[2025-07-17 00:48:50] ERROR: Recent bookings error: SQLSTATE[42000]: Syntax error or access violation: 1064 You have an error in your SQL syntax; check the manual that corresponds to your MariaDB server version for the right syntax to use near ''10'' at line 7
[2025-07-17 00:49:20] ERROR: Recent bookings error: SQLSTATE[42000]: Syntax error or access violation: 1064 You have an error in your SQL syntax; check the manual that corresponds to your MariaDB server version for the right syntax to use near ''10'' at line 7
[2025-07-17 00:49:50] ERROR: Recent bookings error: SQLSTATE[42000]: Syntax error or access violation: 1064 You have an error in your SQL syntax; check the manual that corresponds to your MariaDB server version for the right syntax to use near ''10'' at line 7
[2025-07-17 00:50:22] ERROR: Recent bookings error: SQLSTATE[42000]: Syntax error or access violation: 1064 You have an error in your SQL syntax; check the manual that corresponds to your MariaDB server version for the right syntax to use near ''10'' at line 7
[2025-07-17 00:51:22] ERROR: Recent bookings error: SQLSTATE[42000]: Syntax error or access violation: 1064 You have an error in your SQL syntax; check the manual that corresponds to your MariaDB server version for the right syntax to use near ''10'' at line 7
[2025-07-17 00:52:22] ERROR: Recent bookings error: SQLSTATE[42000]: Syntax error or access violation: 1064 You have an error in your SQL syntax; check the manual that corresponds to your MariaDB server version for the right syntax to use near ''10'' at line 7
[2025-07-17 00:53:22] ERROR: Recent bookings error: SQLSTATE[42000]: Syntax error or access violation: 1064 You have an error in your SQL syntax; check the manual that corresponds to your MariaDB server version for the right syntax to use near ''10'' at line 7
[2025-07-17 00:54:22] ERROR: Recent bookings error: SQLSTATE[42000]: Syntax error or access violation: 1064 You have an error in your SQL syntax; check the manual that corresponds to your MariaDB server version for the right syntax to use near ''10'' at line 7
[2025-07-17 00:55:22] ERROR: Recent bookings error: SQLSTATE[42000]: Syntax error or access violation: 1064 You have an error in your SQL syntax; check the manual that corresponds to your MariaDB server version for the right syntax to use near ''10'' at line 7
[2025-07-17 00:56:22] ERROR: Recent bookings error: SQLSTATE[42000]: Syntax error or access violation: 1064 You have an error in your SQL syntax; check the manual that corresponds to your MariaDB server version for the right syntax to use near ''10'' at line 7
[2025-07-17 00:57:22] ERROR: Recent bookings error: SQLSTATE[42000]: Syntax error or access violation: 1064 You have an error in your SQL syntax; check the manual that corresponds to your MariaDB server version for the right syntax to use near ''10'' at line 7
[2025-07-17 00:58:22] ERROR: Recent bookings error: SQLSTATE[42000]: Syntax error or access violation: 1064 You have an error in your SQL syntax; check the manual that corresponds to your MariaDB server version for the right syntax to use near ''10'' at line 7
[2025-07-17 00:59:22] ERROR: Recent bookings error: SQLSTATE[42000]: Syntax error or access violation: 1064 You have an error in your SQL syntax; check the manual that corresponds to your MariaDB server version for the right syntax to use near ''10'' at line 7
[2025-07-17 01:00:22] ERROR: Recent bookings error: SQLSTATE[42000]: Syntax error or access violation: 1064 You have an error in your SQL syntax; check the manual that corresponds to your MariaDB server version for the right syntax to use near ''10'' at line 7
[2025-07-17 01:01:22] ERROR: Recent bookings error: SQLSTATE[42000]: Syntax error or access violation: 1064 You have an error in your SQL syntax; check the manual that corresponds to your MariaDB server version for the right syntax to use near ''10'' at line 7
